<?xml version="1.0" encoding="UTF-8"?>
<!-- Generated by org.testng.reporters.JUnitReportReporter -->
<testsuite hostname="LAPTOP-Q7LKRA9Q" failures="0" tests="2" name="utils.ExcelDataProvider" time="4.987" errors="0" timestamp="06 Mar 2019 03:09:37 GMT" skipped="0">
  <testcase classname="utils.ExcelDataProvider" name="test1" time="3.021"/>
  <testcase classname="utils.ExcelDataProvider" name="test1" time="1.966"/>
</testsuite> <!-- utils.ExcelDataProvider -->
