<?xml version="1.0" encoding="UTF-8"?>
<!-- Generated by org.testng.reporters.JUnitReportReporter -->
<testsuite hostname="LAPTOP-Q7LKRA9Q" failures="0" tests="1" name="test.GoogleSearchPageTestPOM2" time="0.918" errors="0" timestamp="05 Mar 2019 06:15:46 GMT" skipped="0">
  <testcase classname="test.GoogleSearchPageTestPOM2" name="test" time="0.918"/>
</testsuite> <!-- test.GoogleSearchPageTestPOM2 -->
